  Vertex.cpp
  Transform.cpp
  Shader.cpp
c:\users\m\desktop\projekt grafika\opengl projekt\shader.cpp(120): warning C4305: 'argument': truncation from 'double' to 'GLfloat'
c:\users\m\desktop\projekt grafika\opengl projekt\shader.cpp(121): warning C4305: 'argument': truncation from 'double' to 'GLfloat'
c:\users\m\desktop\projekt grafika\opengl projekt\shader.cpp(128): warning C4305: 'argument': truncation from 'double' to 'GLfloat'
c:\users\m\desktop\projekt grafika\opengl projekt\shader.cpp(129): warning C4305: 'argument': truncation from 'double' to 'GLfloat'
c:\users\m\desktop\projekt grafika\opengl projekt\shader.cpp(136): warning C4305: 'argument': truncation from 'double' to 'GLfloat'
c:\users\m\desktop\projekt grafika\opengl projekt\shader.cpp(137): warning C4305: 'argument': truncation from 'double' to 'GLfloat'
c:\users\m\desktop\projekt grafika\opengl projekt\shader.cpp(144): warning C4305: 'argument': truncation from 'double' to 'GLfloat'
c:\users\m\desktop\projekt grafika\opengl projekt\shader.cpp(145): warning C4305: 'argument': truncation from 'double' to 'GLfloat'
  Projection.cpp
  PrimaryObject.cpp
  ObjectManager.cpp
c:\users\m\desktop\projekt grafika\opengl projekt\objectmanager.cpp(139): warning C4305: '=': truncation from 'double' to 'float'
c:\users\m\desktop\projekt grafika\opengl projekt\objectmanager.cpp(144): warning C4305: '=': truncation from 'double' to 'float'
c:\users\m\desktop\projekt grafika\opengl projekt\objectmanager.cpp(149): warning C4305: '=': truncation from 'double' to 'float'
c:\users\m\desktop\projekt grafika\opengl projekt\objectmanager.cpp(150): warning C4305: '=': truncation from 'double' to 'float'
c:\users\m\desktop\projekt grafika\opengl projekt\objectmanager.cpp(155): warning C4305: '=': truncation from 'double' to 'float'
c:\users\m\desktop\projekt grafika\opengl projekt\objectmanager.cpp(156): warning C4305: '=': truncation from 'double' to 'float'
c:\users\m\desktop\projekt grafika\opengl projekt\objectmanager.cpp(220): warning C4018: '<': signed/unsigned mismatch
c:\users\m\desktop\projekt grafika\opengl projekt\objectmanager.cpp(385): warning C4018: '<': signed/unsigned mismatch
c:\users\m\desktop\projekt grafika\opengl projekt\objectmanager.cpp(391): warning C4018: '<': signed/unsigned mismatch
c:\users\m\desktop\projekt grafika\opengl projekt\objectmanager.cpp(397): warning C4018: '<': signed/unsigned mismatch
  Mouse.cpp
c:\users\m\desktop\projekt grafika\opengl projekt\mouse.cpp(23): warning C4244: 'initializing': conversion from 'double' to 'GLfloat', possible loss of data
c:\users\m\desktop\projekt grafika\opengl projekt\mouse.cpp(24): warning C4244: 'initializing': conversion from 'double' to 'GLfloat', possible loss of data
  Mesh.cpp
  Material.cpp
  main.cpp
c:\users\m\desktop\projekt grafika\opengl projekt\main.cpp(9): fatal error C1083: Cannot open include file: 'AntTweakBar.h': No such file or directory
  Line.cpp
  IndexedModel.cpp
  Display.cpp
  Cylinder.cpp
  Cube.cpp
  Cone.cpp
  Camera.cpp
  Generating Code...
c:\users\m\desktop\projekt grafika\opengl projekt\mouse.cpp(19): warning C4715: 'Mouse::IsPositionChanged': not all control paths return a value
