c:\projekty\grafika projekt\opengl projekt\x64\debug\vc140.pdb
c:\projekty\grafika projekt\opengl projekt\x64\debug\vc140.idb
c:\projekty\grafika projekt\opengl projekt\x64\debug\camera.obj
c:\projekty\grafika projekt\opengl projekt\x64\debug\cone.obj
c:\projekty\grafika projekt\opengl projekt\x64\debug\cube.obj
c:\projekty\grafika projekt\opengl projekt\x64\debug\cylinder.obj
c:\projekty\grafika projekt\opengl projekt\x64\debug\display.obj
c:\projekty\grafika projekt\opengl projekt\x64\debug\indexedmodel.obj
c:\projekty\grafika projekt\opengl projekt\x64\debug\line.obj
c:\projekty\grafika projekt\opengl projekt\x64\debug\main.obj
c:\projekty\grafika projekt\opengl projekt\x64\debug\material.obj
c:\projekty\grafika projekt\opengl projekt\x64\debug\mesh.obj
c:\projekty\grafika projekt\opengl projekt\x64\debug\mouse.obj
c:\projekty\grafika projekt\opengl projekt\x64\debug\objectmanager.obj
c:\projekty\grafika projekt\opengl projekt\x64\debug\options.obj
c:\projekty\grafika projekt\opengl projekt\x64\debug\primaryobject.obj
c:\projekty\grafika projekt\opengl projekt\x64\debug\projection.obj
c:\projekty\grafika projekt\opengl projekt\x64\debug\shader.obj
c:\projekty\grafika projekt\opengl projekt\x64\debug\transform.obj
c:\projekty\grafika projekt\opengl projekt\x64\debug\vertex.obj
c:\projekty\grafika projekt\opengl projekt\x64\debug\opengl projekt.tlog\cl.command.1.tlog
c:\projekty\grafika projekt\opengl projekt\x64\debug\opengl projekt.tlog\cl.read.1.tlog
c:\projekty\grafika projekt\opengl projekt\x64\debug\opengl projekt.tlog\cl.write.1.tlog
c:\projekty\grafika projekt\opengl projekt\x64\debug\opengl projekt.tlog\link.command.1.tlog
c:\projekty\grafika projekt\opengl projekt\x64\debug\opengl projekt.tlog\link.read.1.tlog
c:\projekty\grafika projekt\opengl projekt\x64\debug\opengl projekt.tlog\link.write.1.tlog
